{"ts":1713493987884,"action":"FILE_OPENED","file":"/Demo304/NumMatrix.cs","tags":{"FILE_LINE_OF_CODE":"31"}}
{"ts":1713493988039,"action":"PROJECT_OPENED","tags":{"PROJECT_NAME":"Solution2"}}
{"ts":1713494014829,"action":"FILE_CLOSED","file":"/Demo304/NumMatrix.cs","tags":{"FILE_LINE_OF_CODE":"31"}}
{"ts":1713494014829,"action":"FILE_OPENED","file":"/Demo304/Program.cs","tags":{"FILE_LINE_OF_CODE":"12"}}
{"ts":1713494016113,"action":"FILE_CLOSED","file":"/Demo304/Program.cs","tags":{"FILE_LINE_OF_CODE":"12"}}
{"ts":1713494016113,"action":"FILE_OPENED","file":"/Demo304/NumMatrix.cs","tags":{"FILE_LINE_OF_CODE":"31"}}
{"ts":1713494017693,"action":"IDE_DEACTIVATED"}
{"ts":1713494020402,"action":"IDE_ACTIVATED"}
{"ts":1713494055960,"action":"IDE_DEACTIVATED"}
{"ts":1713494245250,"action":"IDE_ACTIVATED"}
{"ts":1713494247846,"action":"IDE_DEACTIVATED"}
{"ts":1713494259238,"action":"IDE_ACTIVATED"}
{"ts":1713494262108,"action":"IDE_DEACTIVATED"}
{"ts":1713494263633,"action":"IDE_ACTIVATED"}
{"ts":1713494268081,"action":"IDE_DEACTIVATED"}
{"ts":1713494282718,"action":"IDE_ACTIVATED"}
{"ts":1713494285969,"action":"IDE_DEACTIVATED"}
{"ts":1713494964643,"action":"IDE_ACTIVATED"}
{"ts":1713494969828,"action":"IDE_DEACTIVATED"}
{"ts":1713503869405,"action":"IDE_ACTIVATED"}
{"ts":1713503872649,"action":"PROJECT_CLOSED","tags":{"PROJECT_NAME":"Solution2"}}
{"ts":1713507379402,"action":"IDE_DEACTIVATED"}
{"ts":1713507383703,"action":"FILE_OPENED","file":"/Demo304/NumMatrix.cs","tags":{"FILE_LINE_OF_CODE":"31"}}
{"ts":1713507383946,"action":"PROJECT_OPENED","tags":{"PROJECT_NAME":"Solution2"}}
{"ts":1713507397273,"action":"IDE_ACTIVATED"}
{"ts":1713507405967,"action":"FILE_CLOSED","file":"/Demo304/NumMatrix.cs","tags":{"FILE_LINE_OF_CODE":"31"}}
{"ts":1713507406197,"action":"FILE_OPENED","file":"/Demo304/Program.cs","tags":{"FILE_LINE_OF_CODE":"12"}}
{"ts":1713507426540,"action":"IDE_DEACTIVATED"}
{"ts":1713507431732,"action":"IDE_ACTIVATED"}
{"ts":1713507433429,"action":"IDE_DEACTIVATED"}
{"ts":1713507435340,"action":"IDE_ACTIVATED"}
{"ts":1713507435858,"action":"IDE_DEACTIVATED"}
{"ts":1713507464017,"action":"IDE_ACTIVATED"}
{"ts":1713507478969,"action":"FILE_CLOSED","file":"/Demo304/Program.cs","tags":{"FILE_LINE_OF_CODE":"12"}}
{"ts":1713507480619,"action":"IDE_DEACTIVATED"}
{"ts":1713507596883,"action":"IDE_ACTIVATED"}
{"ts":1713507606683,"action":"IDE_DEACTIVATED"}
{"ts":1713507612647,"action":"IDE_ACTIVATED"}
{"ts":1713507615127,"action":"IDE_DEACTIVATED"}
{"ts":1713507622860,"action":"IDE_ACTIVATED"}
{"ts":1713507629737,"action":"FILE_OPENED","file":"/Demo289/Program.cs","tags":{"FILE_LINE_OF_CODE":"94"}}
{"ts":1713507649405,"action":"IDE_DEACTIVATED"}
{"ts":1713507674621,"action":"IDE_ACTIVATED"}
{"ts":1713507676436,"action":"IDE_DEACTIVATED"}
{"ts":1713507679647,"action":"IDE_ACTIVATED"}
{"ts":1713507684955,"action":"FILE_CLOSED","file":"/Demo289/Program.cs","tags":{"FILE_LINE_OF_CODE":"94"}}
{"ts":1713507684955,"action":"FILE_OPENED","file":"/Demo495/Program.cs","tags":{"FILE_LINE_OF_CODE":"37"}}
{"ts":1713507685841,"action":"FILE_CLOSED","file":"/Demo495/Program.cs","tags":{"FILE_LINE_OF_CODE":"37"}}
{"ts":1713507685841,"action":"FILE_OPENED","file":"/Demo289/Program.cs","tags":{"FILE_LINE_OF_CODE":"94"}}
{"ts":1713507690322,"action":"FILE_CLOSED","file":"/Demo289/Program.cs","tags":{"FILE_LINE_OF_CODE":"94"}}
{"ts":1713507690359,"action":"FILE_OPENED","file":"/Demo495/Program.cs","tags":{"FILE_LINE_OF_CODE":"37"}}
{"ts":1713507738469,"action":"IDE_DEACTIVATED"}
{"ts":1713507780618,"action":"IDE_ACTIVATED"}
{"ts":1713507784164,"action":"IDE_DEACTIVATED"}
{"ts":1713507897464,"action":"IDE_ACTIVATED"}
{"ts":1713507900486,"action":"IDE_DEACTIVATED"}
{"ts":1713509973488,"action":"IDE_ACTIVATED"}
{"ts":1713509977567,"action":"FILE_CLOSED","file":"/Demo495/Program.cs","tags":{"FILE_LINE_OF_CODE":"37"}}
{"ts":1713509977567,"action":"FILE_OPENED","file":"/Demo414/Program.cs","tags":{"FILE_LINE_OF_CODE":"14"}}
{"ts":1713509979580,"action":"IDE_DEACTIVATED"}
{"ts":1713510011531,"action":"IDE_ACTIVATED"}
{"ts":1713510016159,"action":"IDE_DEACTIVATED"}
{"ts":1713511533507,"action":"IDE_ACTIVATED"}
{"ts":1713511534195,"action":"IDE_DEACTIVATED"}
{"ts":1713511534741,"action":"IDE_ACTIVATED"}
{"ts":1713511535494,"action":"IDE_DEACTIVATED"}
{"ts":1713511536632,"action":"IDE_ACTIVATED"}
{"ts":1713511537906,"action":"IDE_DEACTIVATED"}
{"ts":1713515246914,"action":"IDE_ACTIVATED"}
{"ts":1713515249355,"action":"IDE_DEACTIVATED"}
{"ts":1713515250193,"action":"IDE_ACTIVATED"}
{"ts":1713515260921,"action":"IDE_DEACTIVATED"}
{"ts":1713515273260,"action":"IDE_ACTIVATED"}
{"ts":1713515309253,"action":"IDE_DEACTIVATED"}
{"ts":1713515319579,"action":"IDE_ACTIVATED"}
{"ts":1713515330764,"action":"IDE_DEACTIVATED"}
{"ts":1713515458568,"action":"IDE_ACTIVATED"}
{"ts":1713515497415,"action":"IDE_DEACTIVATED"}
{"ts":1713515590861,"action":"IDE_ACTIVATED"}
{"ts":1713515594946,"action":"IDE_DEACTIVATED"}
{"ts":1713515739048,"action":"IDE_ACTIVATED"}
{"ts":1713515741027,"action":"IDE_DEACTIVATED"}
{"ts":1713515743518,"action":"IDE_ACTIVATED"}
{"ts":1713515780189,"action":"IDE_DEACTIVATED"}
{"ts":1713516808504,"action":"IDE_ACTIVATED"}
{"ts":1713516935182,"action":"FILE_CLOSED","file":"/Demo414/Program.cs","tags":{"FILE_LINE_OF_CODE":"14"}}
{"ts":1713516959263,"action":"FILE_OPENED","file":"/Demo414/Program.cs","tags":{"FILE_LINE_OF_CODE":"14"}}
{"ts":1713516967070,"action":"IDE_DEACTIVATED"}
{"ts":1713516971585,"action":"IDE_ACTIVATED"}
{"ts":1713516971924,"action":"IDE_DEACTIVATED"}
{"ts":1713516988072,"action":"IDE_ACTIVATED"}
{"ts":1713516988550,"action":"FILE_CLOSED","file":"/Demo414/Program.cs","tags":{"FILE_LINE_OF_CODE":"14"}}
{"ts":1713516993130,"action":"IDE_DEACTIVATED"}
{"ts":1713517017577,"action":"IDE_ACTIVATED"}
{"ts":1713517026530,"action":"IDE_DEACTIVATED"}
{"ts":1713517032669,"action":"IDE_ACTIVATED"}
{"ts":1713517033053,"action":"FILE_OPENED","file":"/Demo414/Program.cs","tags":{"FILE_LINE_OF_CODE":"14"}}
{"ts":1713517068825,"action":"IDE_DEACTIVATED"}
{"ts":1713518478848,"action":"IDE_ACTIVATED"}
{"ts":1713518480619,"action":"IDE_DEACTIVATED"}
{"ts":1713518809260,"action":"IDE_ACTIVATED"}
{"ts":1713518818823,"action":"IDE_DEACTIVATED"}
{"ts":1713518934712,"action":"IDE_ACTIVATED"}
{"ts":1713518991879,"action":"IDE_DEACTIVATED"}
{"ts":1713748814887,"action":"FILE_OPENED","file":"/Demo414/Program.cs","tags":{"FILE_LINE_OF_CODE":"14"}}
{"ts":1713748815022,"action":"PROJECT_OPENED","tags":{"PROJECT_NAME":"Solution2"}}
{"ts":1713748823882,"action":"FILE_CLOSED","file":"/Demo414/Program.cs","tags":{"FILE_LINE_OF_CODE":"14"}}
{"ts":1713748824152,"action":"FILE_OPENED","file":"/Demo495/Program.cs","tags":{"FILE_LINE_OF_CODE":"37"}}
{"ts":1713748824635,"action":"FILE_CLOSED","file":"/Demo495/Program.cs","tags":{"FILE_LINE_OF_CODE":"37"}}
{"ts":1713748850142,"action":"FILE_OPENED","file":"/Demo707/Program.cs","tags":{"FILE_LINE_OF_CODE":"9"}}
{"ts":1713748880602,"action":"FILE_CLOSED","file":"/Demo707/Program.cs","tags":{"FILE_LINE_OF_CODE":"11"}}
{"ts":1713748902113,"action":"IDE_DEACTIVATED"}
{"ts":1713748905183,"action":"IDE_ACTIVATED"}
{"ts":1713748910046,"action":"IDE_DEACTIVATED"}
{"ts":1713748934283,"action":"IDE_ACTIVATED"}
{"ts":1713749017605,"action":"IDE_DEACTIVATED"}
{"ts":1713749093730,"action":"IDE_ACTIVATED"}
{"ts":1713749103537,"action":"IDE_DEACTIVATED"}
{"ts":1713749126234,"action":"IDE_ACTIVATED"}
{"ts":1713749158507,"action":"IDE_DEACTIVATED"}
{"ts":1713749168573,"action":"IDE_ACTIVATED"}
{"ts":1713749182694,"action":"IDE_DEACTIVATED"}
{"ts":1713749187376,"action":"IDE_ACTIVATED"}
{"ts":1713749212892,"action":"IDE_DEACTIVATED"}
{"ts":1713749221322,"action":"IDE_ACTIVATED"}
{"ts":1713749295102,"action":"IDE_DEACTIVATED"}
{"ts":1713749344525,"action":"IDE_ACTIVATED"}
{"ts":1713749362576,"action":"IDE_DEACTIVATED"}
{"ts":1713749374956,"action":"IDE_ACTIVATED"}
{"ts":1713749590572,"action":"IDE_DEACTIVATED"}
{"ts":1713749591349,"action":"IDE_ACTIVATED"}
{"ts":1713749592699,"action":"IDE_DEACTIVATED"}
{"ts":1713751273918,"action":"IDE_ACTIVATED"}
{"ts":1713751278275,"action":"IDE_DEACTIVATED"}
{"ts":1713751280871,"action":"IDE_ACTIVATED"}
{"ts":1713751282686,"action":"PROJECT_CLOSED","tags":{"PROJECT_NAME":"Solution2"}}
{"ts":1713751296438,"action":"FILE_OPENED","file":"/Demo707/MyLinkedList.cs","tags":{"FILE_LINE_OF_CODE":"49"}}
{"ts":1713751296819,"action":"PROJECT_OPENED","tags":{"PROJECT_NAME":"Solution2"}}
{"ts":1713751381944,"action":"IDE_DEACTIVATED"}
{"ts":1713752756784,"action":"IDE_ACTIVATED"}
{"ts":1713752758812,"action":"IDE_DEACTIVATED"}
{"ts":1713752760136,"action":"IDE_ACTIVATED"}
{"ts":1713752762514,"action":"PROJECT_CLOSED","tags":{"PROJECT_NAME":"Solution2"}}
{"ts":1713836271984,"action":"FILE_OPENED","file":"/Demo707/MyLinkedList.cs","tags":{"FILE_LINE_OF_CODE":"49"}}
{"ts":1713836273046,"action":"PROJECT_OPENED","tags":{"PROJECT_NAME":"Solution2"}}
{"ts":1713836327316,"action":"FILE_CLOSED","file":"/Demo707/MyLinkedList.cs","tags":{"FILE_LINE_OF_CODE":"49"}}
{"ts":1713836327407,"action":"FILE_OPENED","file":"/Demo707/Program.cs","tags":{"FILE_LINE_OF_CODE":"11"}}
{"ts":1713836328509,"action":"FILE_CLOSED","file":"/Demo707/Program.cs","tags":{"FILE_LINE_OF_CODE":"11"}}
{"ts":1713836331530,"action":"IDE_DEACTIVATED"}
{"ts":1713836335746,"action":"IDE_ACTIVATED"}
{"ts":1713836353586,"action":"PROJECT_CLOSED","tags":{"PROJECT_NAME":"Solution2"}}
{"ts":1713836383250,"action":"PROJECT_OPENED","tags":{"PROJECT_NAME":"Solution2"}}
{"ts":1713836456193,"action":"IDE_DEACTIVATED"}
{"ts":1713836458867,"action":"IDE_ACTIVATED"}
{"ts":1713836471045,"action":"IDE_DEACTIVATED"}
{"ts":1713836555094,"action":"IDE_ACTIVATED"}
{"ts":1713836564287,"action":"IDE_DEACTIVATED"}
{"ts":1713837259244,"action":"IDE_ACTIVATED"}
{"ts":1713837261495,"action":"IDE_DEACTIVATED"}
{"ts":1713837262031,"action":"IDE_ACTIVATED"}
{"ts":1713837279748,"action":"IDE_DEACTIVATED"}
{"ts":1713837290377,"action":"IDE_ACTIVATED"}
{"ts":1713837535676,"action":"IDE_DEACTIVATED"}
{"ts":1713837545451,"action":"IDE_ACTIVATED"}
{"ts":1713837608616,"action":"FILE_CLOSED","file":"/Demo1052/Program.cs","tags":{"FILE_LINE_OF_CODE":"25"}}
{"ts":1713837608616,"action":"FILE_OPENED","file":"/Demo289/Program.cs","tags":{"FILE_LINE_OF_CODE":"94"}}
{"ts":1713837611223,"action":"FILE_CLOSED","file":"/Demo289/Program.cs","tags":{"FILE_LINE_OF_CODE":"94"}}
{"ts":1713837611223,"action":"FILE_OPENED","file":"/Demo1052/Program.cs","tags":{"FILE_LINE_OF_CODE":"25"}}
{"ts":1713837826886,"action":"IDE_DEACTIVATED"}
{"ts":1713838519677,"action":"IDE_ACTIVATED"}
{"ts":1713838521227,"action":"IDE_DEACTIVATED"}
{"ts":1713838527595,"action":"IDE_ACTIVATED"}
{"ts":1713838589379,"action":"IDE_DEACTIVATED"}
{"ts":1713838615520,"action":"IDE_ACTIVATED"}
{"ts":1713838688517,"action":"IDE_DEACTIVATED"}
{"ts":1713838691318,"action":"IDE_ACTIVATED"}
{"ts":1713838695729,"action":"IDE_DEACTIVATED"}
{"ts":1713838696690,"action":"IDE_ACTIVATED"}
{"ts":1713838702944,"action":"IDE_DEACTIVATED"}
{"ts":1713838704362,"action":"IDE_ACTIVATED"}
{"ts":1713838705376,"action":"IDE_DEACTIVATED"}
{"ts":1713838707828,"action":"IDE_ACTIVATED"}
{"ts":1713838891931,"action":"IDE_DEACTIVATED"}
{"ts":1713838895826,"action":"IDE_ACTIVATED"}
{"ts":1713838901685,"action":"IDE_DEACTIVATED"}
{"ts":1713841661542,"action":"IDE_ACTIVATED"}
{"ts":1713841667147,"action":"PROJECT_CLOSED","tags":{"PROJECT_NAME":"Solution2"}}
{"ts":1713928587109,"action":"IDE_DEACTIVATED"}
{"ts":1713928588051,"action":"FILE_OPENED","file":"/Demo1052/Program.cs","tags":{"FILE_LINE_OF_CODE":"44"}}
{"ts":1713928588179,"action":"PROJECT_OPENED","tags":{"PROJECT_NAME":"Solution2"}}
{"ts":1713928674839,"action":"IDE_ACTIVATED"}
{"ts":1713928755576,"action":"IDE_DEACTIVATED"}
{"ts":1713928785777,"action":"IDE_ACTIVATED"}
{"ts":1713928795522,"action":"FILE_CLOSED","file":"/Demo1052/Program.cs","tags":{"FILE_LINE_OF_CODE":"44"}}
{"ts":1713928795522,"action":"FILE_OPENED","file":"/Demo289/Program.cs","tags":{"FILE_LINE_OF_CODE":"94"}}
{"ts":1713928796061,"action":"FILE_CLOSED","file":"/Demo289/Program.cs","tags":{"FILE_LINE_OF_CODE":"94"}}
{"ts":1713928796061,"action":"FILE_OPENED","file":"/Demo1052/Program.cs","tags":{"FILE_LINE_OF_CODE":"44"}}
{"ts":1713928796596,"action":"FILE_CLOSED","file":"/Demo1052/Program.cs","tags":{"FILE_LINE_OF_CODE":"44"}}
{"ts":1713928796642,"action":"FILE_OPENED","file":"/Demo289/Program.cs","tags":{"FILE_LINE_OF_CODE":"94"}}
{"ts":1713928796924,"action":"FILE_CLOSED","file":"/Demo289/Program.cs","tags":{"FILE_LINE_OF_CODE":"94"}}
{"ts":1713928840470,"action":"IDE_DEACTIVATED"}
{"ts":1713929009625,"action":"IDE_ACTIVATED"}
{"ts":1713929020614,"action":"IDE_DEACTIVATED"}
{"ts":1713929021848,"action":"IDE_ACTIVATED"}
{"ts":1713929027769,"action":"IDE_DEACTIVATED"}
{"ts":1713929069697,"action":"IDE_ACTIVATED"}
{"ts":1713929072030,"action":"IDE_DEACTIVATED"}
{"ts":1713935679747,"action":"IDE_ACTIVATED"}
{"ts":1713935681156,"action":"IDE_DEACTIVATED"}
{"ts":1713935789502,"action":"IDE_ACTIVATED"}
